(node:102892) [DEP0123] DeprecationWarning: Setting the TLS ServerName to an IP address is not permitted by RFC 6066. This will be ignored in a future version.
(Use `node --trace-deprecation ...` to show where the warning was created)
Login error: RequestError: The INSERT statement conflicted with the FOREIGN KEY constraint "FK_tblLoginAudit_User". The conflict occurred in database "ProfitsCRM", table "dbo.tblUsers", column 'UserID'.
    at handleError (C:\Users\Administrator\SQUADFLOW\backend\api\node_modules\mssql\lib\tedious\request.js:784:15)
    at Connection.emit (node:events:509:28)
    at Connection.emit (C:\Users\Administrator\SQUADFLOW\backend\api\node_modules\tedious\lib\connection.js:1013:18)
    at RequestTokenHandler.onErrorMessage (C:\Users\Administrator\SQUADFLOW\backend\api\node_modules\tedious\lib\token\handler.js:285:21)
    at Readable.<anonymous> (C:\Users\Administrator\SQUADFLOW\backend\api\node_modules\tedious\lib\token\token-stream-parser.js:19:33)
    at Readable.emit (node:events:509:28)
    at addChunk (node:internal/streams/readable:563:12)
    at readableAddChunkPushObjectMode (node:internal/streams/readable:540:3)
    at Readable.push (node:internal/streams/readable:395:5)
    at nextAsync (node:internal/streams/from:205:22) {
  code: 'EREQUEST',
  originalError: Error: The INSERT statement conflicted with the FOREIGN KEY constraint "FK_tblLoginAudit_User". The conflict occurred in database "ProfitsCRM", table "dbo.tblUsers", column 'UserID'.
      at handleError (C:\Users\Administrator\SQUADFLOW\backend\api\node_modules\mssql\lib\tedious\request.js:782:19)
      at Connection.emit (node:events:509:28)
      at Connection.emit (C:\Users\Administrator\SQUADFLOW\backend\api\node_modules\tedious\lib\connection.js:1013:18)
      at RequestTokenHandler.onErrorMessage (C:\Users\Administrator\SQUADFLOW\backend\api\node_modules\tedious\lib\token\handler.js:285:21)
      at Readable.<anonymous> (C:\Users\Administrator\SQUADFLOW\backend\api\node_modules\tedious\lib\token\token-stream-parser.js:19:33)
      at Readable.emit (node:events:509:28)
      at addChunk (node:internal/streams/readable:563:12)
      at readableAddChunkPushObjectMode (node:internal/streams/readable:540:3)
      at Readable.push (node:internal/streams/readable:395:5)
      at nextAsync (node:internal/streams/from:205:22) {
    info: ErrorMessageToken {
      name: 'ERROR',
      handlerName: 'onErrorMessage',
      number: 547,
      state: 0,
      class: 16,
      message: `The INSERT statement conflicted with the FOREIGN KEY constraint "FK_tblLoginAudit_User". The conflict occurred in database "ProfitsCRM", table "dbo.tblUsers", column 'UserID'.`,
      serverName: 'TS_PROFIT',
      procName: 'dbo.sp_UserLogin',
      lineNumber: 34
    }
  },
  number: 547,
  lineNumber: 34,
  state: undefined,
  class: 16,
  serverName: 'TS_PROFIT',
  procName: 'dbo.sp_UserLogin',
  precedingErrors: []
}
Error: ENOENT: no such file or directory, stat 'C:\Users\Administrator\SQUADFLOW\backend\frontend\login.html'
Error: ENOENT: no such file or directory, stat 'C:\Users\Administrator\SQUADFLOW\backend\frontend\login.html'
Error: ENOENT: no such file or directory, stat 'C:\Users\Administrator\SQUADFLOW\backend\frontend\login.html'
Error: ENOENT: no such file or directory, stat 'C:\Users\Administrator\SQUADFLOW\backend\frontend\login.html'
Error: ENOENT: no such file or directory, stat 'C:\Users\Administrator\SQUADFLOW\backend\frontend\login.html'
Error: ENOENT: no such file or directory, stat 'C:\Users\Administrator\SQUADFLOW\backend\frontend\login.html'
Error: ENOENT: no such file or directory, stat 'C:\Users\Administrator\SQUADFLOW\backend\frontend\login.html'
Error: ENOENT: no such file or directory, stat 'C:\Users\Administrator\SQUADFLOW\backend\frontend\login.html'
Error: ENOENT: no such file or directory, stat 'C:\Users\Administrator\SQUADFLOW\backend\frontend\login.html'
Error: ENOENT: no such file or directory, stat 'C:\Users\Administrator\SQUADFLOW\backend\frontend\login.html'
Error: ENOENT: no such file or directory, stat 'C:\Users\Administrator\SQUADFLOW\backend\frontend\login.html'
Error: ENOENT: no such file or directory, stat 'C:\Users\Administrator\SQUADFLOW\backend\frontend\login.html'
Error: ENOENT: no such file or directory, stat 'C:\Users\Administrator\SQUADFLOW\backend\frontend\login.html'
Error: ENOENT: no such file or directory, stat 'C:\Users\Administrator\SQUADFLOW\backend\frontend\login.html'
Error: ENOENT: no such file or directory, stat 'C:\Users\Administrator\SQUADFLOW\backend\frontend\login.html'
Error: ENOENT: no such file or directory, stat 'C:\Users\Administrator\SQUADFLOW\backend\frontend\login.html'
Error: ENOENT: no such file or directory, stat 'C:\Users\Administrator\SQUADFLOW\backend\frontend\login.html'
Error: ENOENT: no such file or directory, stat 'C:\Users\Administrator\SQUADFLOW\backend\frontend\login.html'
Error: ENOENT: no such file or directory, stat 'C:\Users\Administrator\SQUADFLOW\backend\frontend\login.html'
Error: ENOENT: no such file or directory, stat 'C:\Users\Administrator\SQUADFLOW\backend\frontend\login.html'
Error: ENOENT: no such file or directory, stat 'C:\Users\Administrator\SQUADFLOW\backend\frontend\login.html'
Error: ENOENT: no such file or directory, stat 'C:\Users\Administrator\SQUADFLOW\backend\frontend\login.html'
Error: ENOENT: no such file or directory, stat 'C:\Users\Administrator\SQUADFLOW\backend\frontend\login.html'
Error: ENOENT: no such file or directory, stat 'C:\Users\Administrator\SQUADFLOW\backend\frontend\login.html'
Error: ENOENT: no such file or directory, stat 'C:\Users\Administrator\SQUADFLOW\backend\frontend\login.html'
Error: ENOENT: no such file or directory, stat 'C:\Users\Administrator\SQUADFLOW\backend\frontend\login.html'
Error: ENOENT: no such file or directory, stat 'C:\Users\Administrator\SQUADFLOW\backend\frontend\login.html'
Error: ENOENT: no such file or directory, stat 'C:\Users\Administrator\SQUADFLOW\backend\frontend\login.html'
Error: ENOENT: no such file or directory, stat 'C:\Users\Administrator\SQUADFLOW\backend\frontend\login.html'
Error: ENOENT: no such file or directory, stat 'C:\Users\Administrator\SQUADFLOW\backend\frontend\login.html'
Error: ENOENT: no such file or directory, stat 'C:\Users\Administrator\SQUADFLOW\backend\frontend\login.html'
Error: ENOENT: no such file or directory, stat 'C:\Users\Administrator\SQUADFLOW\backend\frontend\login.html'
Error: ENOENT: no such file or directory, stat 'C:\Users\Administrator\SQUADFLOW\backend\frontend\login.html'
Error: ENOENT: no such file or directory, stat 'C:\Users\Administrator\SQUADFLOW\backend\frontend\login.html'
Error: ENOENT: no such file or directory, stat 'C:\Users\Administrator\SQUADFLOW\backend\frontend\login.html'
Error: ENOENT: no such file or directory, stat 'C:\Users\Administrator\SQUADFLOW\backend\frontend\login.html'
Error: ENOENT: no such file or directory, stat 'C:\Users\Administrator\SQUADFLOW\backend\frontend\login.html'
Error: ENOENT: no such file or directory, stat 'C:\Users\Administrator\SQUADFLOW\backend\frontend\login.html'
Error: ENOENT: no such file or directory, stat 'C:\Users\Administrator\SQUADFLOW\backend\frontend\login.html'
Error: ENOENT: no such file or directory, stat 'C:\Users\Administrator\SQUADFLOW\backend\frontend\login.html'
